jindong_account_log:-1;
jindong_ad:-1;
jindong_ad_custom:-1;
jindong_ad_position:-1;
jindong_admin_action:-1;
jindong_admin_log:-1;
jindong_admin_message:-1;
jindong_admin_user:-1;
jindong_adsense:-1;
jindong_affiliate_log:-1;
jindong_agency:-1;
jindong_area_region:-1;
jindong_article:-1;
jindong_article_cat:-1;
jindong_attribute:-1;
jindong_auction_log:-1;
jindong_auto_manage:-1;
jindong_back_goods:-1;
jindong_back_order:-1;
jindong_bonus_type:-1;
jindong_booking_goods:-1;
jindong_brand:-1;
jindong_card:-1;
jindong_cart:-1;
jindong_cat_recommend:-1;
jindong_category:-1;
jindong_collect_goods:-1;
jindong_comment:-1;
jindong_crons:-1;
jindong_delivery_goods:-1;
jindong_delivery_order:-1;
jindong_diy_cat:-1;
jindong_email_list:-1;
jindong_email_sendlist:-1;
jindong_error_log:-1;
jindong_exchange_goods:-1;
jindong_favourable_activity:-1;
jindong_feedback:-1;
jindong_friend_link:-1;
jindong_goods:-1;
jindong_goods_activity:-1;
jindong_goods_article:-1;
jindong_goods_attr:-1;
jindong_goods_cat:-1;
jindong_goods_gallery:-1;
jindong_goods_type:-1;
jindong_group_goods:-1;
jindong_keywords:-1;
jindong_link_goods:-1;
jindong_mail_templates:-1;
jindong_member_price:-1;
jindong_nav:-1;
jindong_order_action:-1;
jindong_order_goods:-1;
jindong_order_info:-1;
jindong_pack:-1;
jindong_package_goods:-1;
jindong_pay_log:-1;
jindong_payment:-1;
jindong_plugins:-1;
jindong_products:-1;
jindong_reg_extend_info:-1;
jindong_reg_fields:-1;
jindong_region:-1;
jindong_role:-1;
jindong_searchengine:-1;
jindong_shipping:-1;
jindong_shipping_area:-1;
jindong_shop_config:-1;
jindong_snatch_log:-1;
jindong_stats:-1;
jindong_suppliers:-1;
jindong_tag:-1;
jindong_template:-1;
jindong_topic:-1;
jindong_user_account:-1;
jindong_user_address:-1;
jindong_user_bonus:-1;
jindong_user_feed:-1;
jindong_user_rank:-1;
jindong_users:-1;
jindong_virtual_card:-1;
jindong_volume_price:-1;
jindong_vote:-1;
jindong_vote_log:-1;
jindong_vote_option:-1;
jindong_wholesale:-1;
